<?xml version="1.0" encoding="UTF-8"?>
<!-- Generated by org.testng.reporters.JUnitXMLReporter -->
<testsuite ignored="0" hostname="DESKTOP-75OVIRR" failures="0" tests="3" name="Test" time="83.476" errors="0" timestamp="2022-08-21T18:31:31 IRDT">
  <testcase classname="appiumFramework.AddFavoriteRestaurantTestCase" name="addFavoriteRestaurant" time="26.363"/>
  <testcase classname="appiumFramework.SearchTestCase" name="searchValidRestaurant" time="22.211"/>
  <testcase classname="appiumFramework.SendFeeedbackTestCase" name="seendFeedback" time="34.849"/>
</testsuite> <!-- Test -->
